<?xml version="1.0" encoding="UTF-8"?>
<!-- Generated by org.testng.reporters.JUnitReportReporter -->
<testsuite hostname="TL198" failures="0" tests="2" name="testcases.Login" time="28.035" errors="0" timestamp="2022-03-25T19:20:04 IST" skipped="0">
  <testcase classname="testcases.Login" name="login" time="13.083"/>
  <system-out/>
  <testcase classname="testcases.Login" name="login" time="14.952"/>
  <system-out/>
</testsuite> <!-- testcases.Login -->
